{"total": {"lines":{"total":49,"covered":29,"skipped":0,"pct":59.18},"statements":{"total":50,"covered":30,"skipped":0,"pct":60},"functions":{"total":7,"covered":5,"skipped":0,"pct":71.42},"branches":{"total":48,"covered":25,"skipped":0,"pct":52.08},"branchesTrue":{"total":0,"covered":0,"skipped":0,"pct":"Unknown"}}
,"/home/runner/work/bannerjs/bannerjs/src/cli.ts": {"lines":{"total":29,"covered":12,"skipped":0,"pct":41.37},"functions":{"total":4,"covered":2,"skipped":0,"pct":50},"statements":{"total":29,"covered":12,"skipped":0,"pct":41.37},"branches":{"total":20,"covered":3,"skipped":0,"pct":15}}
,"/home/runner/work/bannerjs/bannerjs/src/index.ts": {"lines":{"total":20,"covered":17,"skipped":0,"pct":85},"functions":{"total":3,"covered":3,"skipped":0,"pct":100},"statements":{"total":21,"covered":18,"skipped":0,"pct":85.71},"branches":{"total":28,"covered":22,"skipped":0,"pct":78.57}}
}
