{"total": {"lines":{"total":65,"covered":30,"skipped":0,"pct":46.15},"statements":{"total":67,"covered":31,"skipped":0,"pct":46.27},"functions":{"total":6,"covered":3,"skipped":0,"pct":50},"branches":{"total":41,"covered":19,"skipped":0,"pct":46.34}}
,"/home/runner/work/bannerjs/bannerjs/src/cli.ts": {"lines":{"total":35,"covered":0,"skipped":0,"pct":0},"functions":{"total":3,"covered":0,"skipped":0,"pct":0},"statements":{"total":36,"covered":0,"skipped":0,"pct":0},"branches":{"total":22,"covered":0,"skipped":0,"pct":0}}
,"/home/runner/work/bannerjs/bannerjs/src/index.ts": {"lines":{"total":30,"covered":30,"skipped":0,"pct":100},"functions":{"total":3,"covered":3,"skipped":0,"pct":100},"statements":{"total":31,"covered":31,"skipped":0,"pct":100},"branches":{"total":19,"covered":19,"skipped":0,"pct":100}}
}
