TN:
SF:src/cli.ts
FN:6,run
FN:12,(anonymous_1)
FN:51,(anonymous_2)
FN:54,(anonymous_3)
FNF:4
FNH:2
FNDA:1,run
FNDA:1,(anonymous_1)
FNDA:0,(anonymous_2)
FNDA:0,(anonymous_3)
DA:7,1
DA:8,1
DA:9,1
DA:10,1
DA:12,1
DA:13,1
DA:14,1
DA:15,1
DA:16,0
DA:17,0
DA:18,0
DA:19,0
DA:20,0
DA:21,0
DA:23,0
DA:26,1
DA:27,1
DA:36,1
DA:37,1
DA:40,0
DA:41,0
DA:42,0
DA:44,0
DA:47,0
DA:48,0
DA:50,0
DA:51,0
DA:52,0
DA:55,0
LF:29
LH:12
BRDA:13,0,0,1
BRDA:13,0,1,0
BRDA:13,1,0,1
BRDA:13,1,1,0
BRDA:16,2,0,0
BRDA:16,2,1,0
BRDA:16,3,0,0
BRDA:16,3,1,0
BRDA:19,4,0,0
BRDA:19,4,1,0
BRDA:19,5,0,0
BRDA:19,5,1,0
BRDA:26,6,0,1
BRDA:26,6,1,0
BRDA:41,7,0,0
BRDA:41,7,1,0
BRDA:47,8,0,0
BRDA:47,8,1,0
BRDA:48,9,0,0
BRDA:48,9,1,0
BRF:20
BRH:3
end_of_record
TN:
SF:src/index.ts
FN:10,getPackage
FN:34,onebanner
FN:49,multibanner
FNF:3
FNH:3
FNDA:8,getPackage
FNDA:2,onebanner
FNDA:2,multibanner
DA:11,8
DA:12,8
DA:13,8
DA:14,8
DA:15,1
DA:18,8
DA:19,2
DA:22,8
DA:23,1
DA:26,8
DA:27,8
DA:28,2
DA:31,8
DA:35,2
DA:36,2
DA:37,1
DA:39,2
DA:50,2
DA:51,2
DA:52,2
LF:20
LH:20
BRDA:10,0,0,5
BRDA:14,1,0,1
BRDA:14,1,1,7
BRDA:14,2,0,8
BRDA:14,2,1,7
BRDA:14,2,2,1
BRDA:18,3,0,2
BRDA:18,3,1,6
BRDA:18,4,0,8
BRDA:18,4,1,3
BRDA:19,5,0,1
BRDA:19,5,1,1
BRDA:22,6,0,1
BRDA:22,6,1,7
BRDA:27,7,0,2
BRDA:27,7,1,6
BRDA:36,8,0,1
BRDA:36,8,1,1
BRDA:40,9,0,2
BRDA:40,9,1,2
BRDA:41,10,0,2
BRDA:41,10,1,2
BRDA:51,11,0,1
BRDA:51,11,1,1
BRDA:54,12,0,2
BRDA:54,12,1,2
BRDA:55,13,0,2
BRDA:55,13,1,2
BRDA:58,14,0,2
BRDA:58,14,1,2
BRDA:58,14,2,2
BRDA:60,15,0,2
BRDA:60,15,1,2
BRDA:61,16,0,2
BRDA:61,16,1,2
BRF:35
BRH:35
end_of_record
