TN:
SF:src/cli.ts
FN:6,run
FN:12,(anonymous_1)
FN:49,(anonymous_2)
FNF:3
FNH:0
FNDA:0,run
FNDA:0,(anonymous_1)
FNDA:0,(anonymous_2)
DA:7,0
DA:8,0
DA:9,0
DA:10,0
DA:12,0
DA:13,0
DA:14,0
DA:15,0
DA:16,0
DA:17,0
DA:18,0
DA:19,0
DA:20,0
DA:21,0
DA:23,0
DA:26,0
DA:27,0
DA:28,0
DA:29,0
DA:30,0
DA:31,0
DA:32,0
DA:33,0
DA:34,0
DA:35,0
DA:36,0
DA:38,0
DA:39,0
DA:40,0
DA:42,0
DA:45,0
DA:46,0
DA:48,0
DA:49,0
DA:50,0
LF:35
LH:0
BRDA:13,0,0,0
BRDA:13,0,1,0
BRDA:13,1,0,0
BRDA:13,1,1,0
BRDA:16,2,0,0
BRDA:16,2,1,0
BRDA:16,3,0,0
BRDA:16,3,1,0
BRDA:19,4,0,0
BRDA:19,4,1,0
BRDA:19,5,0,0
BRDA:19,5,1,0
BRDA:26,6,0,0
BRDA:26,6,1,0
BRDA:36,7,0,0
BRDA:36,7,1,0
BRDA:39,8,0,0
BRDA:39,8,1,0
BRDA:45,9,0,0
BRDA:45,9,1,0
BRDA:46,10,0,0
BRDA:46,10,1,0
BRF:22
BRH:0
end_of_record
TN:
SF:src/index.ts
FN:9,getPackage
FN:32,onebanner
FN:45,multibanner
FNF:3
FNH:3
FNDA:7,getPackage
FNDA:2,onebanner
FNDA:2,multibanner
DA:10,7
DA:11,7
DA:12,7
DA:13,7
DA:14,1
DA:17,7
DA:18,1
DA:20,7
DA:21,1
DA:24,7
DA:25,7
DA:26,1
DA:29,7
DA:33,2
DA:34,2
DA:35,1
DA:37,2
DA:46,2
DA:47,2
DA:48,2
DA:49,2
DA:50,2
DA:51,2
DA:52,2
DA:53,2
DA:54,2
DA:55,2
DA:56,2
DA:57,2
DA:58,2
LF:30
LH:30
BRDA:9,0,0,5
BRDA:13,1,0,1
BRDA:13,1,1,6
BRDA:13,2,0,7
BRDA:13,2,1,6
BRDA:13,2,2,1
BRDA:17,3,0,1
BRDA:17,3,1,6
BRDA:17,4,0,7
BRDA:17,4,1,2
BRDA:17,4,2,1
BRDA:20,5,0,1
BRDA:20,5,1,6
BRDA:25,6,0,1
BRDA:25,6,1,6
BRDA:34,7,0,1
BRDA:34,7,1,1
BRDA:47,8,0,1
BRDA:47,8,1,1
BRF:19
BRH:19
end_of_record
